# JRE version: 7.0_04-b20
# Java VM: Java HotSpot(TM) Server VM (23.0-b21 mixed mode linux-x86 )
Heap
 PSYoungGen      total 9408K, used 2897K [0xa9e00000, 0xab060000, 0xb4600000)
  eden space 8064K, 19% used [0xa9e00000,0xa9f84d00,0xaa5e0000)
  from space 1344K, 99% used [0xaa730000,0xaa87f978,0xaa880000)
  to   space 1344K, 0% used [0xaa5e0000,0xaa5e0000,0xaa730000)
 ParOldGen       total 21504K, used 6377K [0x94e00000, 0x96300000, 0xa9e00000)
  object space 21504K, 29% used [0x94e00000,0x9543a5d8,0x96300000)
 PSPermGen       total 16384K, used 10270K [0x90e00000, 0x91e00000, 0x94e00000)
  object space 16384K, 62% used [0x90e00000,0x91807ba8,0x91e00000)
GC Heap History (4 events):
Event: 2.176 GC heap before
{Heap before GC invocations=1 (full 0):
 PSYoungGen      total 9408K, used 8033K [0xa9e00000, 0xaa880000, 0xb4600000)
  eden space 8064K, 99% used [0xa9e00000,0xaa5d86e0,0xaa5e0000)
  from space 1344K, 0% used [0xaa730000,0xaa730000,0xaa880000)
  to   space 1344K, 0% used [0xaa5e0000,0xaa5e0000,0xaa730000)
 ParOldGen       total 21504K, used 0K [0x94e00000, 0x96300000, 0xa9e00000)
  object space 21504K, 0% used [0x94e00000,0x94e00000,0x96300000)
 PSPermGen       total 16384K, used 9113K [0x90e00000, 0x91e00000, 0x94e00000)
  object space 16384K, 55% used [0x90e00000,0x916e6430,0x91e00000)
Event: 2.197 GC heap after
Heap after GC invocations=1 (full 0):
 PSYoungGen      total 9408K, used 1336K [0xa9e00000, 0xaa880000, 0xb4600000)
  eden space 8064K, 0% used [0xa9e00000,0xa9e00000,0xaa5e0000)
  from space 1344K, 99% used [0xaa5e0000,0xaa72e050,0xaa730000)
  to   space 1344K, 0% used [0xaa730000,0xaa730000,0xaa880000)
 ParOldGen       total 21504K, used 678K [0x94e00000, 0x96300000, 0xa9e00000)
  object space 21504K, 3% used [0x94e00000,0x94ea9910,0x96300000)
 PSPermGen       total 16384K, used 9113K [0x90e00000, 0x91e00000, 0x94e00000)
  object space 16384K, 55% used [0x90e00000,0x916e6430,0x91e00000)
}
Event: 3.028 GC heap before
{Heap before GC invocations=2 (full 0):
 PSYoungGen      total 9408K, used 9400K [0xa9e00000, 0xaa880000, 0xb4600000)
  eden space 8064K, 100% used [0xa9e00000,0xaa5e0000,0xaa5e0000)
  from space 1344K, 99% used [0xaa5e0000,0xaa72e050,0xaa730000)
  to   space 1344K, 0% used [0xaa730000,0xaa730000,0xaa880000)
 ParOldGen       total 21504K, used 678K [0x94e00000, 0x96300000, 0xa9e00000)
  object space 21504K, 3% used [0x94e00000,0x94ea9910,0x96300000)
 PSPermGen       total 16384K, used 10054K [0x90e00000, 0x91e00000, 0x94e00000)
  object space 16384K, 61% used [0x90e00000,0x917d1968,0x91e00000)
Event: 3.050 GC heap after
Heap after GC invocations=2 (full 0):
 PSYoungGen      total 9408K, used 1342K [0xa9e00000, 0xab060000, 0xb4600000)
  eden space 8064K, 0% used [0xa9e00000,0xa9e00000,0xaa5e0000)
  from space 1344K, 99% used [0xaa730000,0xaa87f978,0xaa880000)
  to   space 1344K, 0% used [0xaa5e0000,0xaa5e0000,0xaa730000)
 ParOldGen       total 21504K, used 6377K [0x94e00000, 0x96300000, 0xa9e00000)
  object space 21504K, 29% used [0x94e00000,0x9543a5d8,0x96300000)
 PSPermGen       total 16384K, used 10054K [0x90e00000, 0x91e00000, 0x94e00000)
  object space 16384K, 61% used [0x90e00000,0x917d1968,0x91e00000)
}

