# JRE version: 7.0_04-b20
# Java VM: Java HotSpot(TM) Server VM (23.0-b21 mixed mode linux-x86 )
Heap
 PSYoungGen      total 9408K, used 3402K [0xa9de0000, 0xab040000, 0xb45e0000)
  eden space 8064K, 25% used [0xa9de0000,0xa9fe4b50,0xaa5c0000)
  from space 1344K, 99% used [0xaa710000,0xaa85e050,0xaa860000)
  to   space 1344K, 0% used [0xaa5c0000,0xaa5c0000,0xaa710000)
 ParOldGen       total 21504K, used 3025K [0x94de0000, 0x962e0000, 0xa9de0000)
  object space 21504K, 14% used [0x94de0000,0x950d4468,0x962e0000)
 PSPermGen       total 16384K, used 10252K [0x90de0000, 0x91de0000, 0x94de0000)
  object space 16384K, 62% used [0x90de0000,0x917e3310,0x91de0000)
GC Heap History (4 events):
Event: 2.267 GC heap before
{Heap before GC invocations=1 (full 0):
 PSYoungGen      total 9408K, used 8064K [0xa9de0000, 0xaa860000, 0xb45e0000)
  eden space 8064K, 100% used [0xa9de0000,0xaa5c0000,0xaa5c0000)
  from space 1344K, 0% used [0xaa710000,0xaa710000,0xaa860000)
  to   space 1344K, 0% used [0xaa5c0000,0xaa5c0000,0xaa710000)
 ParOldGen       total 21504K, used 0K [0x94de0000, 0x962e0000, 0xa9de0000)
  object space 21504K, 0% used [0x94de0000,0x94de0000,0x962e0000)
 PSPermGen       total 16384K, used 9057K [0x90de0000, 0x91de0000, 0x94de0000)
  object space 16384K, 55% used [0x90de0000,0x916b8570,0x91de0000)
Event: 2.286 GC heap after
Heap after GC invocations=1 (full 0):
 PSYoungGen      total 9408K, used 1336K [0xa9de0000, 0xaa860000, 0xb45e0000)
  eden space 8064K, 0% used [0xa9de0000,0xa9de0000,0xaa5c0000)
  from space 1344K, 99% used [0xaa5c0000,0xaa70e050,0xaa710000)
  to   space 1344K, 0% used [0xaa710000,0xaa710000,0xaa860000)
 ParOldGen       total 21504K, used 534K [0x94de0000, 0x962e0000, 0xa9de0000)
  object space 21504K, 2% used [0x94de0000,0x94e65920,0x962e0000)
 PSPermGen       total 16384K, used 9057K [0x90de0000, 0x91de0000, 0x94de0000)
  object space 16384K, 55% used [0x90de0000,0x916b8570,0x91de0000)
}
Event: 3.001 GC heap before
{Heap before GC invocations=2 (full 0):
 PSYoungGen      total 9408K, used 9400K [0xa9de0000, 0xaa860000, 0xb45e0000)
  eden space 8064K, 100% used [0xa9de0000,0xaa5c0000,0xaa5c0000)
  from space 1344K, 99% used [0xaa5c0000,0xaa70e050,0xaa710000)
  to   space 1344K, 0% used [0xaa710000,0xaa710000,0xaa860000)
 ParOldGen       total 21504K, used 534K [0x94de0000, 0x962e0000, 0xa9de0000)
  object space 21504K, 2% used [0x94de0000,0x94e65920,0x962e0000)
 PSPermGen       total 16384K, used 9981K [0x90de0000, 0x91de0000, 0x94de0000)
  object space 16384K, 60% used [0x90de0000,0x9179f7c8,0x91de0000)
Event: 3.027 GC heap after
Heap after GC invocations=2 (full 0):
 PSYoungGen      total 9408K, used 1336K [0xa9de0000, 0xab040000, 0xb45e0000)
  eden space 8064K, 0% used [0xa9de0000,0xa9de0000,0xaa5c0000)
  from space 1344K, 99% used [0xaa710000,0xaa85e050,0xaa860000)
  to   space 1344K, 0% used [0xaa5c0000,0xaa5c0000,0xaa710000)
 ParOldGen       total 21504K, used 3025K [0x94de0000, 0x962e0000, 0xa9de0000)
  object space 21504K, 14% used [0x94de0000,0x950d4468,0x962e0000)
 PSPermGen       total 16384K, used 9981K [0x90de0000, 0x91de0000, 0x94de0000)
  object space 16384K, 60% used [0x90de0000,0x9179f7c8,0x91de0000)
}

